<?xml version="1.0" encoding="UTF-8"?>
<!-- Generated by org.testng.reporters.JUnitReportReporter -->
<testsuite hostname="Gemini" failures="0" tests="1" name="testCases.LoginTestCase" time="7.240" errors="0" timestamp="2024-12-20T16:04:01 IST" skipped="0">
  <testcase classname="testCases.LoginTestCase" name="Login_Acct" time="7.240"/>
</testsuite> <!-- testCases.LoginTestCase -->
